2025-06-23 17:18:05,013 INFO Set uid to user 0 succeeded
2025-06-23 17:18:05,016 INFO supervisord started with pid 1
2025-06-23 17:18:06,022 INFO spawned: 'php-fpm' with pid 7
2025-06-23 17:18:06,024 INFO spawned: 'memcached' with pid 8
2025-06-23 17:18:06,028 WARN exited: memcached (exit status 67; not expected)
2025-06-23 17:18:07,063 INFO success: php-fpm entered RUNNING state, process has stayed up for > than 1 seconds (startsecs)
2025-06-23 17:18:07,066 INFO spawned: 'memcached' with pid 11
2025-06-23 17:18:07,073 WARN exited: memcached (exit status 67; not expected)
2025-06-23 17:18:09,079 INFO spawned: 'memcached' with pid 12
2025-06-23 17:18:09,082 WARN exited: memcached (exit status 67; not expected)
2025-06-23 17:18:12,098 INFO spawned: 'memcached' with pid 13
2025-06-23 17:18:12,103 WARN exited: memcached (exit status 67; not expected)
2025-06-23 17:18:12,104 INFO gave up: memcached entered FATAL state, too many start retries too quickly
2025-06-23 17:32:48,922 WARN received SIGQUIT indicating exit request
2025-06-23 17:32:48,926 INFO waiting for php-fpm to die
2025-06-23 17:32:49,949 INFO stopped: php-fpm (exit status 0)
2025-06-23 17:32:54,873 INFO Set uid to user 0 succeeded
2025-06-23 17:32:54,877 INFO supervisord started with pid 1
2025-06-23 17:32:55,881 INFO spawned: 'php-fpm' with pid 7
2025-06-23 17:32:55,883 INFO spawned: 'memcached' with pid 8
2025-06-23 17:32:55,885 WARN exited: memcached (exit status 67; not expected)
2025-06-23 17:32:57,562 INFO success: php-fpm entered RUNNING state, process has stayed up for > than 1 seconds (startsecs)
2025-06-23 17:32:57,565 INFO spawned: 'memcached' with pid 15
2025-06-23 17:32:57,569 WARN exited: memcached (exit status 67; not expected)
2025-06-23 17:32:59,577 INFO spawned: 'memcached' with pid 16
2025-06-23 17:32:59,581 WARN exited: memcached (exit status 67; not expected)
2025-06-23 17:33:02,610 INFO spawned: 'memcached' with pid 17
2025-06-23 17:33:02,614 WARN exited: memcached (exit status 67; not expected)
2025-06-23 17:33:02,614 INFO gave up: memcached entered FATAL state, too many start retries too quickly
2025-06-23 17:37:51,768 WARN received SIGQUIT indicating exit request
2025-06-23 17:37:51,772 INFO waiting for php-fpm to die
2025-06-23 17:37:53,821 INFO stopped: php-fpm (exit status 0)
2025-06-23 17:37:57,163 INFO Set uid to user 0 succeeded
2025-06-23 17:37:57,166 INFO supervisord started with pid 1
2025-06-23 17:37:58,174 INFO spawned: 'php-fpm' with pid 7
2025-06-23 17:37:58,176 INFO spawned: 'memcached' with pid 8
2025-06-23 17:37:58,178 WARN exited: memcached (exit status 67; not expected)
2025-06-23 17:37:59,217 INFO success: php-fpm entered RUNNING state, process has stayed up for > than 1 seconds (startsecs)
2025-06-23 17:37:59,220 INFO spawned: 'memcached' with pid 11
2025-06-23 17:37:59,224 WARN exited: memcached (exit status 67; not expected)
2025-06-23 17:38:01,435 INFO spawned: 'memcached' with pid 16
2025-06-23 17:38:01,442 WARN exited: memcached (exit status 67; not expected)
2025-06-23 17:38:04,985 INFO spawned: 'memcached' with pid 27
2025-06-23 17:38:04,987 WARN exited: memcached (exit status 67; not expected)
2025-06-23 17:38:04,988 INFO gave up: memcached entered FATAL state, too many start retries too quickly
2025-06-23 17:41:08,214 WARN received SIGQUIT indicating exit request
2025-06-23 17:41:08,221 INFO waiting for php-fpm to die
2025-06-23 17:41:10,253 INFO stopped: php-fpm (exit status 0)
2025-06-23 17:41:10,707 INFO Set uid to user 0 succeeded
2025-06-23 17:41:10,709 INFO supervisord started with pid 1
2025-06-23 17:41:11,718 INFO spawned: 'php-fpm' with pid 7
2025-06-23 17:41:11,721 INFO spawned: 'memcached' with pid 8
2025-06-23 17:41:12,765 INFO success: php-fpm entered RUNNING state, process has stayed up for > than 1 seconds (startsecs)
2025-06-23 17:41:12,766 INFO success: memcached entered RUNNING state, process has stayed up for > than 1 seconds (startsecs)
2025-06-23 17:44:53,927 WARN received SIGQUIT indicating exit request
2025-06-23 17:44:53,932 INFO waiting for php-fpm, memcached to die
2025-06-23 17:44:54,347 INFO stopped: memcached (exit status 0)
2025-06-23 17:44:54,372 INFO stopped: php-fpm (exit status 0)
2025-06-23 17:44:54,727 INFO Set uid to user 0 succeeded
2025-06-23 17:44:54,729 INFO supervisord started with pid 1
2025-06-23 17:44:55,736 INFO spawned: 'php-fpm' with pid 7
2025-06-23 17:44:55,739 INFO spawned: 'memcached' with pid 8
2025-06-23 17:44:56,771 INFO success: php-fpm entered RUNNING state, process has stayed up for > than 1 seconds (startsecs)
2025-06-23 17:44:56,773 INFO success: memcached entered RUNNING state, process has stayed up for > than 1 seconds (startsecs)
2025-06-24 05:36:07,264 WARN received SIGQUIT indicating exit request
2025-06-24 05:36:07,271 INFO waiting for php-fpm, memcached to die
2025-06-24 05:36:08,069 INFO stopped: memcached (exit status 0)
2025-06-24 05:36:09,150 INFO stopped: php-fpm (exit status 0)
2025-07-01 13:31:17,543 INFO Set uid to user 0 succeeded
2025-07-01 13:31:17,548 INFO supervisord started with pid 1
2025-07-01 13:31:18,555 INFO spawned: 'php-fpm' with pid 7
2025-07-01 13:31:18,562 INFO spawned: 'memcached' with pid 8
2025-07-01 13:31:19,671 INFO success: php-fpm entered RUNNING state, process has stayed up for > than 1 seconds (startsecs)
2025-07-01 13:31:19,671 INFO success: memcached entered RUNNING state, process has stayed up for > than 1 seconds (startsecs)
2025-07-01 13:51:31,825 WARN received SIGQUIT indicating exit request
2025-07-01 13:51:31,827 INFO waiting for php-fpm, memcached to die
2025-07-01 13:51:31,971 INFO stopped: memcached (exit status 0)
2025-07-01 13:51:33,013 INFO stopped: php-fpm (exit status 0)
2025-07-01 14:08:20,210 INFO Set uid to user 0 succeeded
2025-07-01 14:08:20,216 INFO supervisord started with pid 1
2025-07-01 14:08:21,224 INFO spawned: 'php-fpm' with pid 7
2025-07-01 14:08:21,237 INFO spawned: 'memcached' with pid 8
2025-07-01 14:08:22,422 INFO success: php-fpm entered RUNNING state, process has stayed up for > than 1 seconds (startsecs)
2025-07-01 14:08:22,423 INFO success: memcached entered RUNNING state, process has stayed up for > than 1 seconds (startsecs)
2025-07-01 14:18:28,089 WARN received SIGQUIT indicating exit request
2025-07-01 14:18:28,091 INFO waiting for php-fpm, memcached to die
2025-07-01 14:18:28,100 INFO stopped: memcached (exit status 0)
2025-07-01 14:18:28,111 INFO stopped: php-fpm (exit status 0)
2025-07-01 14:18:42,710 INFO Set uid to user 0 succeeded
2025-07-01 14:18:42,719 INFO supervisord started with pid 1
2025-07-01 14:18:43,728 INFO spawned: 'php-fpm' with pid 7
2025-07-01 14:18:43,729 INFO spawned: 'memcached' with pid 8
2025-07-01 14:18:44,754 INFO success: php-fpm entered RUNNING state, process has stayed up for > than 1 seconds (startsecs)
2025-07-01 14:18:44,755 INFO success: memcached entered RUNNING state, process has stayed up for > than 1 seconds (startsecs)
2025-07-01 15:41:08,062 WARN received SIGQUIT indicating exit request
2025-07-01 15:41:08,066 INFO waiting for php-fpm, memcached to die
2025-07-01 15:41:08,369 INFO stopped: memcached (exit status 0)
2025-07-01 15:41:08,379 INFO stopped: php-fpm (exit status 0)
2025-07-01 15:41:39,032 INFO Set uid to user 0 succeeded
2025-07-01 15:41:39,039 INFO supervisord started with pid 1
2025-07-01 15:41:40,043 INFO spawned: 'php-fpm' with pid 7
2025-07-01 15:41:40,047 INFO spawned: 'memcached' with pid 8
2025-07-01 15:41:41,099 INFO success: php-fpm entered RUNNING state, process has stayed up for > than 1 seconds (startsecs)
2025-07-01 15:41:41,099 INFO success: memcached entered RUNNING state, process has stayed up for > than 1 seconds (startsecs)
2025-07-01 15:45:14,691 WARN received SIGQUIT indicating exit request
2025-07-01 15:45:14,696 INFO waiting for php-fpm, memcached to die
2025-07-01 15:45:15,617 INFO stopped: memcached (exit status 0)
2025-07-01 15:45:15,638 INFO stopped: php-fpm (exit status 0)
2025-07-01 15:45:27,963 INFO Set uid to user 0 succeeded
2025-07-01 15:45:27,966 INFO supervisord started with pid 1
2025-07-01 15:45:28,969 INFO spawned: 'php-fpm' with pid 7
2025-07-01 15:45:28,971 INFO spawned: 'memcached' with pid 8
2025-07-01 15:45:29,992 INFO success: php-fpm entered RUNNING state, process has stayed up for > than 1 seconds (startsecs)
2025-07-01 15:45:29,993 INFO success: memcached entered RUNNING state, process has stayed up for > than 1 seconds (startsecs)
2025-07-01 15:50:59,942 WARN received SIGQUIT indicating exit request
2025-07-01 15:50:59,943 INFO waiting for php-fpm, memcached to die
2025-07-01 15:51:00,945 INFO stopped: memcached (exit status 0)
2025-07-01 15:51:00,962 INFO stopped: php-fpm (exit status 0)
2025-07-01 15:51:12,542 INFO Set uid to user 0 succeeded
2025-07-01 15:51:12,546 INFO supervisord started with pid 1
2025-07-01 15:51:13,577 INFO spawned: 'php-fpm' with pid 7
2025-07-01 15:51:13,580 INFO spawned: 'memcached' with pid 8
2025-07-01 15:51:14,607 INFO success: php-fpm entered RUNNING state, process has stayed up for > than 1 seconds (startsecs)
2025-07-01 15:51:14,607 INFO success: memcached entered RUNNING state, process has stayed up for > than 1 seconds (startsecs)
2025-07-02 03:20:00,044 WARN received SIGQUIT indicating exit request
2025-07-02 03:20:00,058 INFO waiting for php-fpm, memcached to die
2025-07-02 03:20:00,682 INFO stopped: memcached (exit status 0)
2025-07-02 03:20:01,744 INFO stopped: php-fpm (exit status 0)
2025-07-02 09:03:31,422 INFO Set uid to user 0 succeeded
2025-07-02 09:03:31,426 INFO supervisord started with pid 1
2025-07-02 09:03:32,428 INFO spawned: 'php-fpm' with pid 6
2025-07-02 09:03:32,430 INFO spawned: 'memcached' with pid 7
2025-07-02 09:03:33,660 INFO success: php-fpm entered RUNNING state, process has stayed up for > than 1 seconds (startsecs)
2025-07-02 09:03:33,664 INFO success: memcached entered RUNNING state, process has stayed up for > than 1 seconds (startsecs)
2025-07-02 09:53:58,693 WARN received SIGQUIT indicating exit request
2025-07-02 09:53:58,701 INFO waiting for php-fpm, memcached to die
2025-07-02 09:53:58,983 INFO stopped: memcached (exit status 0)
2025-07-02 09:53:59,005 INFO stopped: php-fpm (exit status 0)
2025-07-06 06:00:51,231 INFO Set uid to user 0 succeeded
2025-07-06 06:00:51,239 INFO supervisord started with pid 1
2025-07-06 06:00:52,287 INFO spawned: 'php-fpm' with pid 7
2025-07-06 06:00:52,290 INFO spawned: 'memcached' with pid 8
2025-07-06 06:00:53,433 INFO success: php-fpm entered RUNNING state, process has stayed up for > than 1 seconds (startsecs)
2025-07-06 06:00:53,526 INFO success: memcached entered RUNNING state, process has stayed up for > than 1 seconds (startsecs)
2025-07-06 08:47:00,210 WARN received SIGQUIT indicating exit request
2025-07-06 08:47:00,215 INFO waiting for php-fpm, memcached to die
2025-07-06 08:47:00,960 INFO stopped: memcached (exit status 0)
2025-07-06 08:47:00,972 INFO stopped: php-fpm (exit status 0)
2025-07-06 08:47:01,810 INFO Set uid to user 0 succeeded
2025-07-06 08:47:01,811 INFO supervisord started with pid 1
2025-07-06 08:47:02,815 INFO spawned: 'php-fpm' with pid 7
2025-07-06 08:47:02,816 INFO spawned: 'memcached' with pid 8
2025-07-06 08:47:03,851 INFO success: php-fpm entered RUNNING state, process has stayed up for > than 1 seconds (startsecs)
2025-07-06 08:47:03,851 INFO success: memcached entered RUNNING state, process has stayed up for > than 1 seconds (startsecs)
2025-07-06 08:48:12,027 WARN received SIGQUIT indicating exit request
2025-07-06 08:48:12,032 INFO waiting for php-fpm, memcached to die
2025-07-06 08:48:13,013 INFO stopped: memcached (exit status 0)
2025-07-06 08:48:13,028 INFO stopped: php-fpm (exit status 0)
2025-07-06 08:48:26,051 INFO Set uid to user 0 succeeded
2025-07-06 08:48:26,055 INFO supervisord started with pid 1
2025-07-06 08:48:27,058 INFO spawned: 'php-fpm' with pid 7
2025-07-06 08:48:27,060 INFO spawned: 'memcached' with pid 8
2025-07-06 08:48:28,082 INFO success: php-fpm entered RUNNING state, process has stayed up for > than 1 seconds (startsecs)
2025-07-06 08:48:28,083 INFO success: memcached entered RUNNING state, process has stayed up for > than 1 seconds (startsecs)
2025-07-06 09:01:53,807 WARN received SIGQUIT indicating exit request
2025-07-06 09:01:53,811 INFO waiting for php-fpm, memcached to die
2025-07-06 09:01:54,509 INFO stopped: memcached (exit status 0)
2025-07-06 09:01:55,537 INFO stopped: php-fpm (exit status 0)
2025-07-06 09:01:55,988 INFO Set uid to user 0 succeeded
2025-07-06 09:01:55,990 INFO supervisord started with pid 1
2025-07-06 09:01:56,994 INFO spawned: 'php-fpm' with pid 7
2025-07-06 09:01:56,997 INFO spawned: 'memcached' with pid 8
2025-07-06 09:01:58,030 INFO success: php-fpm entered RUNNING state, process has stayed up for > than 1 seconds (startsecs)
2025-07-06 09:01:58,033 INFO success: memcached entered RUNNING state, process has stayed up for > than 1 seconds (startsecs)
2025-07-06 09:03:35,005 WARN received SIGQUIT indicating exit request
2025-07-06 09:03:35,008 INFO waiting for php-fpm, memcached to die
2025-07-06 09:03:35,286 INFO stopped: memcached (exit status 0)
2025-07-06 09:03:36,302 INFO stopped: php-fpm (exit status 0)
2025-07-06 09:03:36,702 INFO Set uid to user 0 succeeded
2025-07-06 09:03:36,706 INFO supervisord started with pid 1
2025-07-06 09:03:37,721 INFO spawned: 'php-fpm' with pid 7
2025-07-06 09:03:37,726 INFO spawned: 'memcached' with pid 8
2025-07-06 09:03:38,761 INFO success: php-fpm entered RUNNING state, process has stayed up for > than 1 seconds (startsecs)
2025-07-06 09:03:38,761 INFO success: memcached entered RUNNING state, process has stayed up for > than 1 seconds (startsecs)
2025-07-08 06:06:59,589 WARN received SIGQUIT indicating exit request
2025-07-08 06:06:59,629 INFO waiting for php-fpm, memcached to die
2025-07-08 06:07:00,008 INFO stopped: memcached (exit status 0)
2025-07-08 06:07:00,102 INFO stopped: php-fpm (exit status 0)
